{"/Users/dukeromkey/Coding/hackreactor2022/rpp2204/rating-and-review/server/app.js": {"path":"/Users/dukeromkey/Coding/hackreactor2022/rpp2204/rating-and-review/server/app.js","statementMap":{"0":{"start":{"line":1,"column":16},"end":{"line":1,"column":34}},"1":{"start":{"line":2,"column":20},"end":{"line":2,"column":51}},"2":{"start":{"line":4,"column":12},"end":{"line":4,"column":21}},"3":{"start":{"line":6,"column":0},"end":{"line":6,"column":24}},"4":{"start":{"line":8,"column":0},"end":{"line":8,"column":33}},"5":{"start":{"line":10,"column":0},"end":{"line":10,"column":21}}},"fnMap":{},"branchMap":{},"s":{"0":1,"1":1,"2":1,"3":1,"4":1,"5":1},"f":{},"b":{},"_coverageSchema":"1a1c01bbd47fc00a2c39e90264f33305004495a9","hash":"0939bf7957d91356d79acb7f34663fa730b282c7"}
,"/Users/dukeromkey/Coding/hackreactor2022/rpp2204/rating-and-review/server/db.js": {"path":"/Users/dukeromkey/Coding/hackreactor2022/rpp2204/rating-and-review/server/db.js","statementMap":{"0":{"start":{"line":1,"column":17},"end":{"line":1,"column":30}},"1":{"start":{"line":2,"column":0},"end":{"line":2,"column":27}},"2":{"start":{"line":4,"column":20},"end":{"line":10,"column":1}},"3":{"start":{"line":12,"column":13},"end":{"line":12,"column":34}},"4":{"start":{"line":14,"column":18},"end":{"line":23,"column":1}},"5":{"start":{"line":15,"column":2},"end":{"line":22,"column":3}},"6":{"start":{"line":16,"column":22},"end":{"line":16,"column":43}},"7":{"start":{"line":17,"column":4},"end":{"line":17,"column":30}},"8":{"start":{"line":18,"column":4},"end":{"line":18,"column":67}},"9":{"start":{"line":19,"column":4},"end":{"line":19,"column":26}},"10":{"start":{"line":21,"column":4},"end":{"line":21,"column":23}},"11":{"start":{"line":25,"column":0},"end":{"line":25,"column":37}}},"fnMap":{"0":{"name":"(anonymous_0)","decl":{"start":{"line":14,"column":18},"end":{"line":14,"column":19}},"loc":{"start":{"line":14,"column":30},"end":{"line":23,"column":1}},"line":14}},"branchMap":{},"s":{"0":1,"1":1,"2":1,"3":1,"4":1,"5":0,"6":0,"7":0,"8":0,"9":0,"10":0,"11":1},"f":{"0":0},"b":{},"_coverageSchema":"1a1c01bbd47fc00a2c39e90264f33305004495a9","hash":"0d844968d51278acb4e45ddfb31ea0fc5bf7f065"}
,"/Users/dukeromkey/Coding/hackreactor2022/rpp2204/rating-and-review/server/controllers/reviewController.js": {"path":"/Users/dukeromkey/Coding/hackreactor2022/rpp2204/rating-and-review/server/controllers/reviewController.js","statementMap":{"0":{"start":{"line":1,"column":20},"end":{"line":1,"column":52}},"1":{"start":{"line":3,"column":0},"end":{"line":10,"column":2}},"2":{"start":{"line":4,"column":18},"end":{"line":4,"column":51}},"3":{"start":{"line":5,"column":2},"end":{"line":9,"column":3}},"4":{"start":{"line":6,"column":4},"end":{"line":6,"column":34}},"5":{"start":{"line":8,"column":4},"end":{"line":8,"column":63}},"6":{"start":{"line":12,"column":0},"end":{"line":19,"column":2}},"7":{"start":{"line":13,"column":19},"end":{"line":13,"column":63}},"8":{"start":{"line":14,"column":2},"end":{"line":18,"column":3}},"9":{"start":{"line":15,"column":4},"end":{"line":15,"column":35}},"10":{"start":{"line":17,"column":4},"end":{"line":17,"column":63}},"11":{"start":{"line":21,"column":0},"end":{"line":28,"column":2}},"12":{"start":{"line":22,"column":21},"end":{"line":22,"column":59}},"13":{"start":{"line":23,"column":2},"end":{"line":27,"column":3}},"14":{"start":{"line":24,"column":4},"end":{"line":24,"column":36}},"15":{"start":{"line":26,"column":4},"end":{"line":26,"column":72}},"16":{"start":{"line":30,"column":0},"end":{"line":37,"column":2}},"17":{"start":{"line":31,"column":21},"end":{"line":31,"column":72}},"18":{"start":{"line":32,"column":2},"end":{"line":36,"column":3}},"19":{"start":{"line":33,"column":4},"end":{"line":33,"column":27}},"20":{"start":{"line":35,"column":4},"end":{"line":35,"column":96}},"21":{"start":{"line":39,"column":0},"end":{"line":46,"column":2}},"22":{"start":{"line":40,"column":23},"end":{"line":40,"column":75}},"23":{"start":{"line":41,"column":2},"end":{"line":45,"column":3}},"24":{"start":{"line":42,"column":4},"end":{"line":42,"column":27}},"25":{"start":{"line":44,"column":4},"end":{"line":44,"column":62}}},"fnMap":{"0":{"name":"(anonymous_0)","decl":{"start":{"line":3,"column":21},"end":{"line":3,"column":22}},"loc":{"start":{"line":3,"column":41},"end":{"line":10,"column":1}},"line":3},"1":{"name":"(anonymous_1)","decl":{"start":{"line":12,"column":22},"end":{"line":12,"column":23}},"loc":{"start":{"line":12,"column":42},"end":{"line":19,"column":1}},"line":12},"2":{"name":"(anonymous_2)","decl":{"start":{"line":21,"column":21},"end":{"line":21,"column":22}},"loc":{"start":{"line":21,"column":41},"end":{"line":28,"column":1}},"line":21},"3":{"name":"(anonymous_3)","decl":{"start":{"line":30,"column":22},"end":{"line":30,"column":23}},"loc":{"start":{"line":30,"column":42},"end":{"line":37,"column":1}},"line":30},"4":{"name":"(anonymous_4)","decl":{"start":{"line":39,"column":23},"end":{"line":39,"column":24}},"loc":{"start":{"line":39,"column":43},"end":{"line":46,"column":1}},"line":39}},"branchMap":{"0":{"loc":{"start":{"line":5,"column":2},"end":{"line":9,"column":3}},"type":"if","locations":[{"start":{"line":5,"column":2},"end":{"line":9,"column":3}},{"start":{"line":7,"column":9},"end":{"line":9,"column":3}}],"line":5},"1":{"loc":{"start":{"line":14,"column":2},"end":{"line":18,"column":3}},"type":"if","locations":[{"start":{"line":14,"column":2},"end":{"line":18,"column":3}},{"start":{"line":16,"column":9},"end":{"line":18,"column":3}}],"line":14},"2":{"loc":{"start":{"line":23,"column":2},"end":{"line":27,"column":3}},"type":"if","locations":[{"start":{"line":23,"column":2},"end":{"line":27,"column":3}},{"start":{"line":25,"column":9},"end":{"line":27,"column":3}}],"line":23},"3":{"loc":{"start":{"line":32,"column":2},"end":{"line":36,"column":3}},"type":"if","locations":[{"start":{"line":32,"column":2},"end":{"line":36,"column":3}},{"start":{"line":34,"column":9},"end":{"line":36,"column":3}}],"line":32},"4":{"loc":{"start":{"line":41,"column":2},"end":{"line":45,"column":3}},"type":"if","locations":[{"start":{"line":41,"column":2},"end":{"line":45,"column":3}},{"start":{"line":43,"column":9},"end":{"line":45,"column":3}}],"line":41}},"s":{"0":1,"1":1,"2":1,"3":1,"4":1,"5":0,"6":1,"7":1,"8":1,"9":1,"10":0,"11":1,"12":1,"13":1,"14":1,"15":0,"16":1,"17":1,"18":1,"19":1,"20":0,"21":1,"22":1,"23":1,"24":1,"25":0},"f":{"0":1,"1":1,"2":1,"3":1,"4":1},"b":{"0":[1,0],"1":[1,0],"2":[1,0],"3":[1,0],"4":[1,0]},"_coverageSchema":"1a1c01bbd47fc00a2c39e90264f33305004495a9","hash":"4307453a1a254da8748b63d2a1311593d8dfc6ed"}
,"/Users/dukeromkey/Coding/hackreactor2022/rpp2204/rating-and-review/server/models/reviewModel.js": {"path":"/Users/dukeromkey/Coding/hackreactor2022/rpp2204/rating-and-review/server/models/reviewModel.js","statementMap":{"0":{"start":{"line":1,"column":17},"end":{"line":1,"column":33}},"1":{"start":{"line":2,"column":24},"end":{"line":2,"column":50}},"2":{"start":{"line":5,"column":0},"end":{"line":76,"column":2}},"3":{"start":{"line":6,"column":20},"end":{"line":6,"column":37}},"4":{"start":{"line":7,"column":15},"end":{"line":7,"column":34}},"5":{"start":{"line":8,"column":16},"end":{"line":8,"column":36}},"6":{"start":{"line":9,"column":15},"end":{"line":9,"column":43}},"7":{"start":{"line":10,"column":13},"end":{"line":10,"column":26}},"8":{"start":{"line":11,"column":2},"end":{"line":74,"column":3}},"9":{"start":{"line":12,"column":17},"end":{"line":12,"column":62}},"10":{"start":{"line":13,"column":19},"end":{"line":13,"column":23}},"11":{"start":{"line":14,"column":19},"end":{"line":14,"column":49}},"12":{"start":{"line":17,"column":28},"end":{"line":19,"column":6}},"13":{"start":{"line":18,"column":6},"end":{"line":18,"column":32}},"14":{"start":{"line":22,"column":21},"end":{"line":34,"column":7}},"15":{"start":{"line":24,"column":19},"end":{"line":24,"column":68}},"16":{"start":{"line":25,"column":21},"end":{"line":25,"column":40}},"17":{"start":{"line":26,"column":6},"end":{"line":26,"column":52}},"18":{"start":{"line":27,"column":25},"end":{"line":27,"column":55}},"19":{"start":{"line":28,"column":6},"end":{"line":28,"column":32}},"20":{"start":{"line":29,"column":6},"end":{"line":29,"column":30}},"21":{"start":{"line":30,"column":6},"end":{"line":30,"column":36}},"22":{"start":{"line":31,"column":6},"end":{"line":31,"column":32}},"23":{"start":{"line":32,"column":6},"end":{"line":32,"column":39}},"24":{"start":{"line":33,"column":6},"end":{"line":33,"column":21}},"25":{"start":{"line":37,"column":4},"end":{"line":41,"column":5}},"26":{"start":{"line":38,"column":6},"end":{"line":40,"column":9}},"27":{"start":{"line":39,"column":8},"end":{"line":39,"column":51}},"28":{"start":{"line":42,"column":4},"end":{"line":54,"column":5}},"29":{"start":{"line":43,"column":6},"end":{"line":45,"column":9}},"30":{"start":{"line":44,"column":8},"end":{"line":44,"column":45}},"31":{"start":{"line":48,"column":6},"end":{"line":50,"column":9}},"32":{"start":{"line":49,"column":8},"end":{"line":49,"column":51}},"33":{"start":{"line":51,"column":6},"end":{"line":53,"column":9}},"34":{"start":{"line":52,"column":8},"end":{"line":52,"column":45}},"35":{"start":{"line":57,"column":20},"end":{"line":61,"column":6}},"36":{"start":{"line":58,"column":23},"end":{"line":58,"column":35}},"37":{"start":{"line":59,"column":25},"end":{"line":59,"column":41}},"38":{"start":{"line":60,"column":6},"end":{"line":60,"column":53}},"39":{"start":{"line":62,"column":20},"end":{"line":62,"column":37}},"40":{"start":{"line":65,"column":4},"end":{"line":70,"column":7}},"41":{"start":{"line":72,"column":4},"end":{"line":72,"column":25}},"42":{"start":{"line":73,"column":4},"end":{"line":73,"column":15}},"43":{"start":{"line":75,"column":2},"end":{"line":75,"column":19}},"44":{"start":{"line":80,"column":0},"end":{"line":143,"column":2}},"45":{"start":{"line":81,"column":20},"end":{"line":81,"column":37}},"46":{"start":{"line":82,"column":2},"end":{"line":141,"column":3}},"47":{"start":{"line":83,"column":17},"end":{"line":83,"column":78}},"48":{"start":{"line":84,"column":19},"end":{"line":84,"column":28}},"49":{"start":{"line":85,"column":33},"end":{"line":85,"column":63}},"50":{"start":{"line":86,"column":36},"end":{"line":86,"column":61}},"51":{"start":{"line":89,"column":20},"end":{"line":89,"column":50}},"52":{"start":{"line":90,"column":25},"end":{"line":90,"column":44}},"53":{"start":{"line":91,"column":4},"end":{"line":94,"column":7}},"54":{"start":{"line":92,"column":6},"end":{"line":92,"column":34}},"55":{"start":{"line":93,"column":6},"end":{"line":93,"column":42}},"56":{"start":{"line":95,"column":4},"end":{"line":97,"column":5}},"57":{"start":{"line":96,"column":6},"end":{"line":96,"column":49}},"58":{"start":{"line":98,"column":4},"end":{"line":100,"column":5}},"59":{"start":{"line":99,"column":6},"end":{"line":99,"column":59}},"60":{"start":{"line":103,"column":21},"end":{"line":103,"column":171}},"61":{"start":{"line":104,"column":23},"end":{"line":104,"column":32}},"62":{"start":{"line":105,"column":31},"end":{"line":105,"column":69}},"63":{"start":{"line":106,"column":33},"end":{"line":106,"column":56}},"64":{"start":{"line":107,"column":18},"end":{"line":107,"column":20}},"65":{"start":{"line":109,"column":26},"end":{"line":118,"column":6}},"66":{"start":{"line":110,"column":6},"end":{"line":117,"column":7}},"67":{"start":{"line":111,"column":8},"end":{"line":114,"column":9}},"68":{"start":{"line":116,"column":8},"end":{"line":116,"column":56}},"69":{"start":{"line":120,"column":4},"end":{"line":127,"column":5}},"70":{"start":{"line":121,"column":22},"end":{"line":121,"column":47}},"71":{"start":{"line":122,"column":18},"end":{"line":124,"column":11}},"72":{"start":{"line":123,"column":8},"end":{"line":123,"column":29}},"73":{"start":{"line":125,"column":20},"end":{"line":125,"column":37}},"74":{"start":{"line":126,"column":6},"end":{"line":126,"column":46}},"75":{"start":{"line":129,"column":21},"end":{"line":134,"column":5}},"76":{"start":{"line":135,"column":20},"end":{"line":135,"column":37}},"77":{"start":{"line":136,"column":4},"end":{"line":136,"column":81}},"78":{"start":{"line":137,"column":4},"end":{"line":137,"column":22}},"79":{"start":{"line":139,"column":4},"end":{"line":139,"column":25}},"80":{"start":{"line":140,"column":4},"end":{"line":140,"column":15}},"81":{"start":{"line":142,"column":2},"end":{"line":142,"column":19}},"82":{"start":{"line":145,"column":0},"end":{"line":184,"column":2}},"83":{"start":{"line":146,"column":17},"end":{"line":146,"column":37}},"84":{"start":{"line":147,"column":2},"end":{"line":182,"column":3}},"85":{"start":{"line":149,"column":4},"end":{"line":149,"column":32}},"86":{"start":{"line":151,"column":99},"end":{"line":151,"column":103}},"87":{"start":{"line":154,"column":24},"end":{"line":154,"column":179}},"88":{"start":{"line":155,"column":26},"end":{"line":155,"column":85}},"89":{"start":{"line":157,"column":25},"end":{"line":157,"column":71}},"90":{"start":{"line":158,"column":30},"end":{"line":158,"column":60}},"91":{"start":{"line":161,"column":21},"end":{"line":161,"column":27}},"92":{"start":{"line":162,"column":23},"end":{"line":162,"column":89}},"93":{"start":{"line":163,"column":4},"end":{"line":166,"column":8}},"94":{"start":{"line":164,"column":27},"end":{"line":164,"column":54}},"95":{"start":{"line":165,"column":6},"end":{"line":165,"column":52}},"96":{"start":{"line":169,"column":26},"end":{"line":169,"column":54}},"97":{"start":{"line":170,"column":27},"end":{"line":170,"column":121}},"98":{"start":{"line":171,"column":4},"end":{"line":174,"column":8}},"99":{"start":{"line":172,"column":31},"end":{"line":172,"column":99}},"100":{"start":{"line":173,"column":6},"end":{"line":173,"column":59}},"101":{"start":{"line":177,"column":4},"end":{"line":177,"column":33}},"102":{"start":{"line":178,"column":4},"end":{"line":178,"column":15}},"103":{"start":{"line":180,"column":4},"end":{"line":180,"column":25}},"104":{"start":{"line":181,"column":4},"end":{"line":181,"column":15}},"105":{"start":{"line":183,"column":2},"end":{"line":183,"column":25}},"106":{"start":{"line":188,"column":0},"end":{"line":199,"column":2}},"107":{"start":{"line":189,"column":2},"end":{"line":197,"column":3}},"108":{"start":{"line":190,"column":17},"end":{"line":190,"column":88}},"109":{"start":{"line":191,"column":19},"end":{"line":191,"column":30}},"110":{"start":{"line":192,"column":30},"end":{"line":192,"column":60}},"111":{"start":{"line":193,"column":4},"end":{"line":193,"column":15}},"112":{"start":{"line":195,"column":4},"end":{"line":195,"column":25}},"113":{"start":{"line":196,"column":4},"end":{"line":196,"column":15}},"114":{"start":{"line":198,"column":2},"end":{"line":198,"column":19}},"115":{"start":{"line":203,"column":0},"end":{"line":214,"column":2}},"116":{"start":{"line":204,"column":2},"end":{"line":212,"column":3}},"117":{"start":{"line":205,"column":17},"end":{"line":205,"column":74}},"118":{"start":{"line":206,"column":19},"end":{"line":206,"column":30}},"119":{"start":{"line":207,"column":27},"end":{"line":207,"column":57}},"120":{"start":{"line":208,"column":4},"end":{"line":208,"column":15}},"121":{"start":{"line":210,"column":4},"end":{"line":210,"column":25}},"122":{"start":{"line":211,"column":4},"end":{"line":211,"column":15}},"123":{"start":{"line":213,"column":2},"end":{"line":213,"column":19}}},"fnMap":{"0":{"name":"(anonymous_0)","decl":{"start":{"line":5,"column":21},"end":{"line":5,"column":22}},"loc":{"start":{"line":5,"column":36},"end":{"line":76,"column":1}},"line":5},"1":{"name":"(anonymous_1)","decl":{"start":{"line":17,"column":47},"end":{"line":17,"column":48}},"loc":{"start":{"line":17,"column":60},"end":{"line":19,"column":5}},"line":17},"2":{"name":"(anonymous_2)","decl":{"start":{"line":22,"column":59},"end":{"line":22,"column":60}},"loc":{"start":{"line":22,"column":78},"end":{"line":34,"column":5}},"line":22},"3":{"name":"(anonymous_3)","decl":{"start":{"line":38,"column":22},"end":{"line":38,"column":23}},"loc":{"start":{"line":38,"column":32},"end":{"line":40,"column":7}},"line":38},"4":{"name":"(anonymous_4)","decl":{"start":{"line":43,"column":22},"end":{"line":43,"column":23}},"loc":{"start":{"line":43,"column":32},"end":{"line":45,"column":7}},"line":43},"5":{"name":"(anonymous_5)","decl":{"start":{"line":48,"column":22},"end":{"line":48,"column":23}},"loc":{"start":{"line":48,"column":32},"end":{"line":50,"column":7}},"line":48},"6":{"name":"(anonymous_6)","decl":{"start":{"line":51,"column":22},"end":{"line":51,"column":23}},"loc":{"start":{"line":51,"column":32},"end":{"line":53,"column":7}},"line":51},"7":{"name":"(anonymous_7)","decl":{"start":{"line":57,"column":38},"end":{"line":57,"column":39}},"loc":{"start":{"line":57,"column":58},"end":{"line":61,"column":5}},"line":57},"8":{"name":"(anonymous_8)","decl":{"start":{"line":80,"column":22},"end":{"line":80,"column":23}},"loc":{"start":{"line":80,"column":41},"end":{"line":143,"column":1}},"line":80},"9":{"name":"(anonymous_9)","decl":{"start":{"line":91,"column":36},"end":{"line":91,"column":37}},"loc":{"start":{"line":91,"column":47},"end":{"line":94,"column":5}},"line":91},"10":{"name":"(anonymous_10)","decl":{"start":{"line":109,"column":55},"end":{"line":109,"column":56}},"loc":{"start":{"line":109,"column":66},"end":{"line":118,"column":5}},"line":109},"11":{"name":"(anonymous_11)","decl":{"start":{"line":122,"column":44},"end":{"line":122,"column":45}},"loc":{"start":{"line":122,"column":62},"end":{"line":124,"column":7}},"line":122},"12":{"name":"(anonymous_12)","decl":{"start":{"line":145,"column":21},"end":{"line":145,"column":22}},"loc":{"start":{"line":145,"column":37},"end":{"line":184,"column":1}},"line":145},"13":{"name":"(anonymous_13)","decl":{"start":{"line":163,"column":35},"end":{"line":163,"column":36}},"loc":{"start":{"line":163,"column":61},"end":{"line":166,"column":5}},"line":163},"14":{"name":"(anonymous_14)","decl":{"start":{"line":171,"column":40},"end":{"line":171,"column":41}},"loc":{"start":{"line":171,"column":62},"end":{"line":174,"column":5}},"line":171},"15":{"name":"(anonymous_15)","decl":{"start":{"line":188,"column":22},"end":{"line":188,"column":23}},"loc":{"start":{"line":188,"column":43},"end":{"line":199,"column":1}},"line":188},"16":{"name":"(anonymous_16)","decl":{"start":{"line":203,"column":23},"end":{"line":203,"column":24}},"loc":{"start":{"line":203,"column":44},"end":{"line":214,"column":1}},"line":203}},"branchMap":{"0":{"loc":{"start":{"line":7,"column":15},"end":{"line":7,"column":34}},"type":"binary-expr","locations":[{"start":{"line":7,"column":15},"end":{"line":7,"column":29}},{"start":{"line":7,"column":33},"end":{"line":7,"column":34}}],"line":7},"1":{"loc":{"start":{"line":8,"column":16},"end":{"line":8,"column":36}},"type":"binary-expr","locations":[{"start":{"line":8,"column":16},"end":{"line":8,"column":31}},{"start":{"line":8,"column":35},"end":{"line":8,"column":36}}],"line":8},"2":{"loc":{"start":{"line":9,"column":15},"end":{"line":9,"column":43}},"type":"binary-expr","locations":[{"start":{"line":9,"column":15},"end":{"line":9,"column":29}},{"start":{"line":9,"column":33},"end":{"line":9,"column":43}}],"line":9},"3":{"loc":{"start":{"line":37,"column":4},"end":{"line":41,"column":5}},"type":"if","locations":[{"start":{"line":37,"column":4},"end":{"line":41,"column":5}},{"start":{},"end":{}}],"line":37},"4":{"loc":{"start":{"line":42,"column":4},"end":{"line":54,"column":5}},"type":"if","locations":[{"start":{"line":42,"column":4},"end":{"line":54,"column":5}},{"start":{"line":46,"column":11},"end":{"line":54,"column":5}}],"line":42},"5":{"loc":{"start":{"line":60,"column":13},"end":{"line":60,"column":52}},"type":"binary-expr","locations":[{"start":{"line":60,"column":13},"end":{"line":60,"column":32}},{"start":{"line":60,"column":36},"end":{"line":60,"column":52}}],"line":60},"6":{"loc":{"start":{"line":110,"column":6},"end":{"line":117,"column":7}},"type":"if","locations":[{"start":{"line":110,"column":6},"end":{"line":117,"column":7}},{"start":{"line":115,"column":13},"end":{"line":117,"column":7}}],"line":110}},"s":{"0":1,"1":1,"2":1,"3":1,"4":1,"5":1,"6":1,"7":1,"8":1,"9":1,"10":1,"11":1,"12":1,"13":5,"14":1,"15":5,"16":5,"17":5,"18":5,"19":5,"20":5,"21":5,"22":5,"23":5,"24":5,"25":1,"26":0,"27":0,"28":1,"29":0,"30":0,"31":1,"32":9,"33":1,"34":8,"35":1,"36":5,"37":5,"38":5,"39":1,"40":1,"41":0,"42":0,"43":0,"44":1,"45":1,"46":1,"47":1,"48":1,"49":1,"50":1,"51":1,"52":1,"53":1,"54":5,"55":5,"56":1,"57":5,"58":1,"59":2,"60":1,"61":1,"62":1,"63":1,"64":1,"65":1,"66":5,"67":1,"68":4,"69":1,"70":1,"71":1,"72":5,"73":1,"74":1,"75":1,"76":1,"77":1,"78":1,"79":0,"80":0,"81":0,"82":1,"83":1,"84":1,"85":1,"86":1,"87":1,"88":1,"89":1,"90":1,"91":1,"92":1,"93":1,"94":1,"95":1,"96":1,"97":1,"98":1,"99":4,"100":4,"101":1,"102":1,"103":0,"104":0,"105":0,"106":1,"107":1,"108":1,"109":1,"110":1,"111":1,"112":0,"113":0,"114":0,"115":1,"116":1,"117":1,"118":1,"119":1,"120":1,"121":0,"122":0,"123":0},"f":{"0":1,"1":5,"2":5,"3":0,"4":0,"5":9,"6":8,"7":5,"8":1,"9":5,"10":5,"11":5,"12":1,"13":1,"14":4,"15":1,"16":1},"b":{"0":[1,1],"1":[1,1],"2":[1,1],"3":[0,1],"4":[0,1],"5":[5,5],"6":[1,4]},"_coverageSchema":"1a1c01bbd47fc00a2c39e90264f33305004495a9","hash":"c5ecb887d79404a92ffd327b13b5d53801867f41"}
,"/Users/dukeromkey/Coding/hackreactor2022/rpp2204/rating-and-review/server/routes/reviewRoute.js": {"path":"/Users/dukeromkey/Coding/hackreactor2022/rpp2204/rating-and-review/server/routes/reviewRoute.js","statementMap":{"0":{"start":{"line":1,"column":16},"end":{"line":1,"column":34}},"1":{"start":{"line":2,"column":15},"end":{"line":2,"column":31}},"2":{"start":{"line":3,"column":25},"end":{"line":3,"column":67}},"3":{"start":{"line":6,"column":0},"end":{"line":9,"column":3}},"4":{"start":{"line":8,"column":2},"end":{"line":8,"column":40}},"5":{"start":{"line":12,"column":0},"end":{"line":14,"column":2}},"6":{"start":{"line":13,"column":2},"end":{"line":13,"column":41}},"7":{"start":{"line":17,"column":0},"end":{"line":19,"column":3}},"8":{"start":{"line":18,"column":2},"end":{"line":18,"column":40}},"9":{"start":{"line":22,"column":0},"end":{"line":24,"column":3}},"10":{"start":{"line":23,"column":2},"end":{"line":23,"column":41}},"11":{"start":{"line":27,"column":0},"end":{"line":29,"column":3}},"12":{"start":{"line":28,"column":2},"end":{"line":28,"column":42}},"13":{"start":{"line":33,"column":0},"end":{"line":33,"column":24}}},"fnMap":{"0":{"name":"(anonymous_0)","decl":{"start":{"line":6,"column":25},"end":{"line":6,"column":26}},"loc":{"start":{"line":6,"column":45},"end":{"line":9,"column":1}},"line":6},"1":{"name":"(anonymous_1)","decl":{"start":{"line":12,"column":20},"end":{"line":12,"column":21}},"loc":{"start":{"line":12,"column":34},"end":{"line":14,"column":1}},"line":12},"2":{"name":"(anonymous_2)","decl":{"start":{"line":17,"column":17},"end":{"line":17,"column":18}},"loc":{"start":{"line":17,"column":37},"end":{"line":19,"column":1}},"line":17},"3":{"name":"(anonymous_3)","decl":{"start":{"line":22,"column":35},"end":{"line":22,"column":36}},"loc":{"start":{"line":22,"column":49},"end":{"line":24,"column":1}},"line":22},"4":{"name":"(anonymous_4)","decl":{"start":{"line":27,"column":34},"end":{"line":27,"column":35}},"loc":{"start":{"line":27,"column":48},"end":{"line":29,"column":1}},"line":27}},"branchMap":{},"s":{"0":1,"1":1,"2":1,"3":1,"4":1,"5":1,"6":1,"7":1,"8":1,"9":1,"10":1,"11":1,"12":1,"13":1},"f":{"0":1,"1":1,"2":1,"3":1,"4":1},"b":{},"_coverageSchema":"1a1c01bbd47fc00a2c39e90264f33305004495a9","hash":"96ec309ea8004085692fdbca8cadb3eea6c2a5f3"}
}
