{"/Users/dukeromkey/Coding/hackreactor2022/rpp2204/rating-and-review/server/app.js": {"path":"/Users/dukeromkey/Coding/hackreactor2022/rpp2204/rating-and-review/server/app.js","statementMap":{"0":{"start":{"line":1,"column":16},"end":{"line":1,"column":34}},"1":{"start":{"line":2,"column":20},"end":{"line":2,"column":51}},"2":{"start":{"line":4,"column":12},"end":{"line":4,"column":21}},"3":{"start":{"line":6,"column":0},"end":{"line":6,"column":24}},"4":{"start":{"line":8,"column":0},"end":{"line":8,"column":33}},"5":{"start":{"line":10,"column":0},"end":{"line":12,"column":3}},"6":{"start":{"line":11,"column":2},"end":{"line":11,"column":76}},"7":{"start":{"line":14,"column":0},"end":{"line":14,"column":21}}},"fnMap":{"0":{"name":"(anonymous_0)","decl":{"start":{"line":10,"column":57},"end":{"line":10,"column":58}},"loc":{"start":{"line":10,"column":71},"end":{"line":12,"column":1}},"line":10}},"branchMap":{},"s":{"0":1,"1":1,"2":1,"3":1,"4":1,"5":1,"6":0,"7":1},"f":{"0":0},"b":{},"_coverageSchema":"1a1c01bbd47fc00a2c39e90264f33305004495a9","hash":"7a1347a6603a28afd6be8df58a29d5b7b4680132"}
,"/Users/dukeromkey/Coding/hackreactor2022/rpp2204/rating-and-review/server/db.js": {"path":"/Users/dukeromkey/Coding/hackreactor2022/rpp2204/rating-and-review/server/db.js","statementMap":{"0":{"start":{"line":1,"column":17},"end":{"line":1,"column":30}},"1":{"start":{"line":2,"column":0},"end":{"line":2,"column":27}},"2":{"start":{"line":4,"column":20},"end":{"line":10,"column":1}},"3":{"start":{"line":12,"column":13},"end":{"line":12,"column":34}},"4":{"start":{"line":14,"column":18},"end":{"line":23,"column":1}},"5":{"start":{"line":15,"column":2},"end":{"line":22,"column":3}},"6":{"start":{"line":16,"column":22},"end":{"line":16,"column":43}},"7":{"start":{"line":17,"column":4},"end":{"line":17,"column":30}},"8":{"start":{"line":18,"column":4},"end":{"line":18,"column":67}},"9":{"start":{"line":19,"column":4},"end":{"line":19,"column":26}},"10":{"start":{"line":21,"column":4},"end":{"line":21,"column":23}},"11":{"start":{"line":25,"column":0},"end":{"line":25,"column":37}}},"fnMap":{"0":{"name":"(anonymous_0)","decl":{"start":{"line":14,"column":18},"end":{"line":14,"column":19}},"loc":{"start":{"line":14,"column":30},"end":{"line":23,"column":1}},"line":14}},"branchMap":{},"s":{"0":1,"1":1,"2":1,"3":1,"4":1,"5":0,"6":0,"7":0,"8":0,"9":0,"10":0,"11":1},"f":{"0":0},"b":{},"_coverageSchema":"1a1c01bbd47fc00a2c39e90264f33305004495a9","hash":"0d844968d51278acb4e45ddfb31ea0fc5bf7f065"}
,"/Users/dukeromkey/Coding/hackreactor2022/rpp2204/rating-and-review/server/controllers/reviewController.js": {"path":"/Users/dukeromkey/Coding/hackreactor2022/rpp2204/rating-and-review/server/controllers/reviewController.js","statementMap":{"0":{"start":{"line":1,"column":20},"end":{"line":1,"column":52}},"1":{"start":{"line":3,"column":0},"end":{"line":10,"column":2}},"2":{"start":{"line":4,"column":18},"end":{"line":4,"column":51}},"3":{"start":{"line":5,"column":2},"end":{"line":9,"column":3}},"4":{"start":{"line":6,"column":4},"end":{"line":6,"column":34}},"5":{"start":{"line":8,"column":4},"end":{"line":8,"column":63}},"6":{"start":{"line":12,"column":0},"end":{"line":19,"column":2}},"7":{"start":{"line":13,"column":19},"end":{"line":13,"column":63}},"8":{"start":{"line":14,"column":2},"end":{"line":18,"column":3}},"9":{"start":{"line":15,"column":4},"end":{"line":15,"column":35}},"10":{"start":{"line":17,"column":4},"end":{"line":17,"column":63}},"11":{"start":{"line":21,"column":0},"end":{"line":28,"column":2}},"12":{"start":{"line":22,"column":21},"end":{"line":22,"column":59}},"13":{"start":{"line":23,"column":2},"end":{"line":27,"column":3}},"14":{"start":{"line":24,"column":4},"end":{"line":24,"column":36}},"15":{"start":{"line":26,"column":4},"end":{"line":26,"column":72}},"16":{"start":{"line":30,"column":0},"end":{"line":37,"column":2}},"17":{"start":{"line":31,"column":21},"end":{"line":31,"column":72}},"18":{"start":{"line":32,"column":2},"end":{"line":36,"column":3}},"19":{"start":{"line":33,"column":4},"end":{"line":33,"column":27}},"20":{"start":{"line":35,"column":4},"end":{"line":35,"column":96}},"21":{"start":{"line":39,"column":0},"end":{"line":46,"column":2}},"22":{"start":{"line":40,"column":23},"end":{"line":40,"column":75}},"23":{"start":{"line":41,"column":2},"end":{"line":45,"column":3}},"24":{"start":{"line":42,"column":4},"end":{"line":42,"column":27}},"25":{"start":{"line":44,"column":4},"end":{"line":44,"column":62}}},"fnMap":{"0":{"name":"(anonymous_0)","decl":{"start":{"line":3,"column":21},"end":{"line":3,"column":22}},"loc":{"start":{"line":3,"column":41},"end":{"line":10,"column":1}},"line":3},"1":{"name":"(anonymous_1)","decl":{"start":{"line":12,"column":22},"end":{"line":12,"column":23}},"loc":{"start":{"line":12,"column":42},"end":{"line":19,"column":1}},"line":12},"2":{"name":"(anonymous_2)","decl":{"start":{"line":21,"column":21},"end":{"line":21,"column":22}},"loc":{"start":{"line":21,"column":41},"end":{"line":28,"column":1}},"line":21},"3":{"name":"(anonymous_3)","decl":{"start":{"line":30,"column":22},"end":{"line":30,"column":23}},"loc":{"start":{"line":30,"column":42},"end":{"line":37,"column":1}},"line":30},"4":{"name":"(anonymous_4)","decl":{"start":{"line":39,"column":23},"end":{"line":39,"column":24}},"loc":{"start":{"line":39,"column":43},"end":{"line":46,"column":1}},"line":39}},"branchMap":{"0":{"loc":{"start":{"line":5,"column":2},"end":{"line":9,"column":3}},"type":"if","locations":[{"start":{"line":5,"column":2},"end":{"line":9,"column":3}},{"start":{"line":7,"column":9},"end":{"line":9,"column":3}}],"line":5},"1":{"loc":{"start":{"line":14,"column":2},"end":{"line":18,"column":3}},"type":"if","locations":[{"start":{"line":14,"column":2},"end":{"line":18,"column":3}},{"start":{"line":16,"column":9},"end":{"line":18,"column":3}}],"line":14},"2":{"loc":{"start":{"line":23,"column":2},"end":{"line":27,"column":3}},"type":"if","locations":[{"start":{"line":23,"column":2},"end":{"line":27,"column":3}},{"start":{"line":25,"column":9},"end":{"line":27,"column":3}}],"line":23},"3":{"loc":{"start":{"line":32,"column":2},"end":{"line":36,"column":3}},"type":"if","locations":[{"start":{"line":32,"column":2},"end":{"line":36,"column":3}},{"start":{"line":34,"column":9},"end":{"line":36,"column":3}}],"line":32},"4":{"loc":{"start":{"line":41,"column":2},"end":{"line":45,"column":3}},"type":"if","locations":[{"start":{"line":41,"column":2},"end":{"line":45,"column":3}},{"start":{"line":43,"column":9},"end":{"line":45,"column":3}}],"line":41}},"s":{"0":1,"1":1,"2":1,"3":1,"4":1,"5":0,"6":1,"7":1,"8":1,"9":1,"10":0,"11":1,"12":1,"13":1,"14":1,"15":0,"16":1,"17":1,"18":1,"19":1,"20":0,"21":1,"22":1,"23":1,"24":1,"25":0},"f":{"0":1,"1":1,"2":1,"3":1,"4":1},"b":{"0":[1,0],"1":[1,0],"2":[1,0],"3":[1,0],"4":[1,0]},"_coverageSchema":"1a1c01bbd47fc00a2c39e90264f33305004495a9","hash":"4307453a1a254da8748b63d2a1311593d8dfc6ed"}
,"/Users/dukeromkey/Coding/hackreactor2022/rpp2204/rating-and-review/server/models/reviewModel.js": {"path":"/Users/dukeromkey/Coding/hackreactor2022/rpp2204/rating-and-review/server/models/reviewModel.js","statementMap":{"0":{"start":{"line":1,"column":17},"end":{"line":1,"column":33}},"1":{"start":{"line":2,"column":24},"end":{"line":2,"column":50}},"2":{"start":{"line":4,"column":0},"end":{"line":65,"column":2}},"3":{"start":{"line":5,"column":20},"end":{"line":5,"column":37}},"4":{"start":{"line":6,"column":15},"end":{"line":6,"column":34}},"5":{"start":{"line":7,"column":16},"end":{"line":7,"column":36}},"6":{"start":{"line":8,"column":15},"end":{"line":8,"column":43}},"7":{"start":{"line":9,"column":13},"end":{"line":9,"column":26}},"8":{"start":{"line":11,"column":2},"end":{"line":63,"column":3}},"9":{"start":{"line":12,"column":17},"end":{"line":12,"column":339}},"10":{"start":{"line":13,"column":19},"end":{"line":13,"column":23}},"11":{"start":{"line":14,"column":19},"end":{"line":14,"column":49}},"12":{"start":{"line":17,"column":27},"end":{"line":23,"column":6}},"13":{"start":{"line":18,"column":6},"end":{"line":18,"column":52}},"14":{"start":{"line":19,"column":6},"end":{"line":21,"column":7}},"15":{"start":{"line":20,"column":8},"end":{"line":20,"column":28}},"16":{"start":{"line":22,"column":6},"end":{"line":22,"column":21}},"17":{"start":{"line":26,"column":4},"end":{"line":30,"column":5}},"18":{"start":{"line":27,"column":6},"end":{"line":29,"column":9}},"19":{"start":{"line":28,"column":8},"end":{"line":28,"column":51}},"20":{"start":{"line":31,"column":4},"end":{"line":43,"column":5}},"21":{"start":{"line":32,"column":6},"end":{"line":34,"column":9}},"22":{"start":{"line":33,"column":8},"end":{"line":33,"column":45}},"23":{"start":{"line":37,"column":6},"end":{"line":39,"column":9}},"24":{"start":{"line":38,"column":8},"end":{"line":38,"column":51}},"25":{"start":{"line":40,"column":6},"end":{"line":42,"column":9}},"26":{"start":{"line":41,"column":8},"end":{"line":41,"column":45}},"27":{"start":{"line":46,"column":21},"end":{"line":50,"column":6}},"28":{"start":{"line":47,"column":23},"end":{"line":47,"column":35}},"29":{"start":{"line":48,"column":25},"end":{"line":48,"column":41}},"30":{"start":{"line":49,"column":6},"end":{"line":49,"column":53}},"31":{"start":{"line":52,"column":20},"end":{"line":52,"column":37}},"32":{"start":{"line":53,"column":4},"end":{"line":53,"column":81}},"33":{"start":{"line":54,"column":4},"end":{"line":59,"column":7}},"34":{"start":{"line":61,"column":4},"end":{"line":61,"column":25}},"35":{"start":{"line":62,"column":4},"end":{"line":62,"column":15}},"36":{"start":{"line":64,"column":2},"end":{"line":64,"column":19}},"37":{"start":{"line":69,"column":0},"end":{"line":118,"column":2}},"38":{"start":{"line":70,"column":20},"end":{"line":70,"column":37}},"39":{"start":{"line":71,"column":2},"end":{"line":116,"column":3}},"40":{"start":{"line":79,"column":17},"end":{"line":79,"column":631}},"41":{"start":{"line":81,"column":19},"end":{"line":81,"column":28}},"42":{"start":{"line":82,"column":33},"end":{"line":82,"column":63}},"43":{"start":{"line":83,"column":36},"end":{"line":83,"column":64}},"44":{"start":{"line":86,"column":4},"end":{"line":88,"column":5}},"45":{"start":{"line":87,"column":6},"end":{"line":87,"column":45}},"46":{"start":{"line":89,"column":4},"end":{"line":91,"column":5}},"47":{"start":{"line":90,"column":6},"end":{"line":90,"column":45}},"48":{"start":{"line":92,"column":4},"end":{"line":94,"column":5}},"49":{"start":{"line":93,"column":6},"end":{"line":93,"column":45}},"50":{"start":{"line":95,"column":4},"end":{"line":97,"column":5}},"51":{"start":{"line":96,"column":6},"end":{"line":96,"column":45}},"52":{"start":{"line":98,"column":4},"end":{"line":100,"column":5}},"53":{"start":{"line":99,"column":6},"end":{"line":99,"column":45}},"54":{"start":{"line":102,"column":4},"end":{"line":104,"column":5}},"55":{"start":{"line":103,"column":6},"end":{"line":103,"column":51}},"56":{"start":{"line":105,"column":4},"end":{"line":107,"column":5}},"57":{"start":{"line":106,"column":6},"end":{"line":106,"column":52}},"58":{"start":{"line":110,"column":20},"end":{"line":110,"column":37}},"59":{"start":{"line":111,"column":4},"end":{"line":111,"column":82}},"60":{"start":{"line":112,"column":4},"end":{"line":112,"column":35}},"61":{"start":{"line":114,"column":4},"end":{"line":114,"column":25}},"62":{"start":{"line":115,"column":4},"end":{"line":115,"column":15}},"63":{"start":{"line":117,"column":2},"end":{"line":117,"column":19}},"64":{"start":{"line":120,"column":0},"end":{"line":159,"column":2}},"65":{"start":{"line":121,"column":17},"end":{"line":121,"column":37}},"66":{"start":{"line":122,"column":2},"end":{"line":157,"column":3}},"67":{"start":{"line":124,"column":4},"end":{"line":124,"column":32}},"68":{"start":{"line":126,"column":99},"end":{"line":126,"column":103}},"69":{"start":{"line":129,"column":24},"end":{"line":129,"column":179}},"70":{"start":{"line":130,"column":26},"end":{"line":130,"column":85}},"71":{"start":{"line":132,"column":25},"end":{"line":132,"column":71}},"72":{"start":{"line":133,"column":30},"end":{"line":133,"column":60}},"73":{"start":{"line":136,"column":21},"end":{"line":136,"column":27}},"74":{"start":{"line":137,"column":23},"end":{"line":137,"column":89}},"75":{"start":{"line":138,"column":4},"end":{"line":141,"column":8}},"76":{"start":{"line":139,"column":27},"end":{"line":139,"column":54}},"77":{"start":{"line":140,"column":6},"end":{"line":140,"column":52}},"78":{"start":{"line":144,"column":26},"end":{"line":144,"column":54}},"79":{"start":{"line":145,"column":27},"end":{"line":145,"column":121}},"80":{"start":{"line":146,"column":4},"end":{"line":149,"column":8}},"81":{"start":{"line":147,"column":31},"end":{"line":147,"column":99}},"82":{"start":{"line":148,"column":6},"end":{"line":148,"column":59}},"83":{"start":{"line":152,"column":4},"end":{"line":152,"column":33}},"84":{"start":{"line":153,"column":4},"end":{"line":153,"column":15}},"85":{"start":{"line":155,"column":4},"end":{"line":155,"column":25}},"86":{"start":{"line":156,"column":4},"end":{"line":156,"column":15}},"87":{"start":{"line":158,"column":2},"end":{"line":158,"column":25}},"88":{"start":{"line":163,"column":0},"end":{"line":174,"column":2}},"89":{"start":{"line":164,"column":2},"end":{"line":172,"column":3}},"90":{"start":{"line":165,"column":17},"end":{"line":165,"column":88}},"91":{"start":{"line":166,"column":19},"end":{"line":166,"column":30}},"92":{"start":{"line":167,"column":30},"end":{"line":167,"column":60}},"93":{"start":{"line":168,"column":4},"end":{"line":168,"column":15}},"94":{"start":{"line":170,"column":4},"end":{"line":170,"column":25}},"95":{"start":{"line":171,"column":4},"end":{"line":171,"column":15}},"96":{"start":{"line":173,"column":2},"end":{"line":173,"column":19}},"97":{"start":{"line":178,"column":0},"end":{"line":189,"column":2}},"98":{"start":{"line":179,"column":2},"end":{"line":187,"column":3}},"99":{"start":{"line":180,"column":17},"end":{"line":180,"column":74}},"100":{"start":{"line":181,"column":19},"end":{"line":181,"column":30}},"101":{"start":{"line":182,"column":27},"end":{"line":182,"column":57}},"102":{"start":{"line":183,"column":4},"end":{"line":183,"column":15}},"103":{"start":{"line":185,"column":4},"end":{"line":185,"column":25}},"104":{"start":{"line":186,"column":4},"end":{"line":186,"column":15}},"105":{"start":{"line":188,"column":2},"end":{"line":188,"column":19}}},"fnMap":{"0":{"name":"(anonymous_0)","decl":{"start":{"line":4,"column":21},"end":{"line":4,"column":22}},"loc":{"start":{"line":4,"column":36},"end":{"line":65,"column":1}},"line":4},"1":{"name":"(anonymous_1)","decl":{"start":{"line":17,"column":43},"end":{"line":17,"column":44}},"loc":{"start":{"line":17,"column":54},"end":{"line":23,"column":5}},"line":17},"2":{"name":"(anonymous_2)","decl":{"start":{"line":27,"column":26},"end":{"line":27,"column":27}},"loc":{"start":{"line":27,"column":36},"end":{"line":29,"column":7}},"line":27},"3":{"name":"(anonymous_3)","decl":{"start":{"line":32,"column":26},"end":{"line":32,"column":27}},"loc":{"start":{"line":32,"column":36},"end":{"line":34,"column":7}},"line":32},"4":{"name":"(anonymous_4)","decl":{"start":{"line":37,"column":26},"end":{"line":37,"column":27}},"loc":{"start":{"line":37,"column":36},"end":{"line":39,"column":7}},"line":37},"5":{"name":"(anonymous_5)","decl":{"start":{"line":40,"column":26},"end":{"line":40,"column":27}},"loc":{"start":{"line":40,"column":36},"end":{"line":42,"column":7}},"line":40},"6":{"name":"(anonymous_6)","decl":{"start":{"line":46,"column":43},"end":{"line":46,"column":44}},"loc":{"start":{"line":46,"column":63},"end":{"line":50,"column":5}},"line":46},"7":{"name":"(anonymous_7)","decl":{"start":{"line":69,"column":22},"end":{"line":69,"column":23}},"loc":{"start":{"line":69,"column":41},"end":{"line":118,"column":1}},"line":69},"8":{"name":"(anonymous_8)","decl":{"start":{"line":120,"column":21},"end":{"line":120,"column":22}},"loc":{"start":{"line":120,"column":37},"end":{"line":159,"column":1}},"line":120},"9":{"name":"(anonymous_9)","decl":{"start":{"line":138,"column":35},"end":{"line":138,"column":36}},"loc":{"start":{"line":138,"column":61},"end":{"line":141,"column":5}},"line":138},"10":{"name":"(anonymous_10)","decl":{"start":{"line":146,"column":40},"end":{"line":146,"column":41}},"loc":{"start":{"line":146,"column":62},"end":{"line":149,"column":5}},"line":146},"11":{"name":"(anonymous_11)","decl":{"start":{"line":163,"column":22},"end":{"line":163,"column":23}},"loc":{"start":{"line":163,"column":43},"end":{"line":174,"column":1}},"line":163},"12":{"name":"(anonymous_12)","decl":{"start":{"line":178,"column":23},"end":{"line":178,"column":24}},"loc":{"start":{"line":178,"column":44},"end":{"line":189,"column":1}},"line":178}},"branchMap":{"0":{"loc":{"start":{"line":6,"column":15},"end":{"line":6,"column":34}},"type":"binary-expr","locations":[{"start":{"line":6,"column":15},"end":{"line":6,"column":29}},{"start":{"line":6,"column":33},"end":{"line":6,"column":34}}],"line":6},"1":{"loc":{"start":{"line":7,"column":16},"end":{"line":7,"column":36}},"type":"binary-expr","locations":[{"start":{"line":7,"column":16},"end":{"line":7,"column":31}},{"start":{"line":7,"column":35},"end":{"line":7,"column":36}}],"line":7},"2":{"loc":{"start":{"line":8,"column":15},"end":{"line":8,"column":43}},"type":"binary-expr","locations":[{"start":{"line":8,"column":15},"end":{"line":8,"column":29}},{"start":{"line":8,"column":33},"end":{"line":8,"column":43}}],"line":8},"3":{"loc":{"start":{"line":19,"column":6},"end":{"line":21,"column":7}},"type":"if","locations":[{"start":{"line":19,"column":6},"end":{"line":21,"column":7}},{"start":{},"end":{}}],"line":19},"4":{"loc":{"start":{"line":26,"column":4},"end":{"line":30,"column":5}},"type":"if","locations":[{"start":{"line":26,"column":4},"end":{"line":30,"column":5}},{"start":{},"end":{}}],"line":26},"5":{"loc":{"start":{"line":31,"column":4},"end":{"line":43,"column":5}},"type":"if","locations":[{"start":{"line":31,"column":4},"end":{"line":43,"column":5}},{"start":{"line":35,"column":11},"end":{"line":43,"column":5}}],"line":31},"6":{"loc":{"start":{"line":49,"column":13},"end":{"line":49,"column":52}},"type":"binary-expr","locations":[{"start":{"line":49,"column":13},"end":{"line":49,"column":32}},{"start":{"line":49,"column":36},"end":{"line":49,"column":52}}],"line":49},"7":{"loc":{"start":{"line":86,"column":4},"end":{"line":88,"column":5}},"type":"if","locations":[{"start":{"line":86,"column":4},"end":{"line":88,"column":5}},{"start":{},"end":{}}],"line":86},"8":{"loc":{"start":{"line":89,"column":4},"end":{"line":91,"column":5}},"type":"if","locations":[{"start":{"line":89,"column":4},"end":{"line":91,"column":5}},{"start":{},"end":{}}],"line":89},"9":{"loc":{"start":{"line":92,"column":4},"end":{"line":94,"column":5}},"type":"if","locations":[{"start":{"line":92,"column":4},"end":{"line":94,"column":5}},{"start":{},"end":{}}],"line":92},"10":{"loc":{"start":{"line":95,"column":4},"end":{"line":97,"column":5}},"type":"if","locations":[{"start":{"line":95,"column":4},"end":{"line":97,"column":5}},{"start":{},"end":{}}],"line":95},"11":{"loc":{"start":{"line":98,"column":4},"end":{"line":100,"column":5}},"type":"if","locations":[{"start":{"line":98,"column":4},"end":{"line":100,"column":5}},{"start":{},"end":{}}],"line":98},"12":{"loc":{"start":{"line":102,"column":4},"end":{"line":104,"column":5}},"type":"if","locations":[{"start":{"line":102,"column":4},"end":{"line":104,"column":5}},{"start":{},"end":{}}],"line":102},"13":{"loc":{"start":{"line":105,"column":4},"end":{"line":107,"column":5}},"type":"if","locations":[{"start":{"line":105,"column":4},"end":{"line":107,"column":5}},{"start":{},"end":{}}],"line":105}},"s":{"0":1,"1":1,"2":1,"3":1,"4":1,"5":1,"6":1,"7":1,"8":1,"9":1,"10":1,"11":1,"12":1,"13":5,"14":5,"15":4,"16":5,"17":1,"18":0,"19":0,"20":1,"21":0,"22":0,"23":1,"24":9,"25":1,"26":8,"27":1,"28":5,"29":5,"30":5,"31":1,"32":1,"33":1,"34":0,"35":0,"36":0,"37":1,"38":1,"39":1,"40":1,"41":1,"42":1,"43":1,"44":1,"45":1,"46":1,"47":0,"48":1,"49":0,"50":1,"51":0,"52":1,"53":0,"54":1,"55":0,"56":1,"57":0,"58":1,"59":1,"60":1,"61":0,"62":0,"63":0,"64":1,"65":1,"66":1,"67":1,"68":1,"69":1,"70":1,"71":1,"72":1,"73":1,"74":1,"75":1,"76":1,"77":1,"78":1,"79":1,"80":1,"81":4,"82":4,"83":1,"84":1,"85":0,"86":0,"87":0,"88":1,"89":1,"90":1,"91":1,"92":1,"93":1,"94":0,"95":0,"96":0,"97":1,"98":1,"99":1,"100":1,"101":1,"102":1,"103":0,"104":0,"105":0},"f":{"0":1,"1":5,"2":0,"3":0,"4":9,"5":8,"6":5,"7":1,"8":1,"9":1,"10":4,"11":1,"12":1},"b":{"0":[1,1],"1":[1,1],"2":[1,1],"3":[4,1],"4":[0,1],"5":[0,1],"6":[5,5],"7":[1,0],"8":[0,1],"9":[0,1],"10":[0,1],"11":[0,1],"12":[0,1],"13":[0,1]},"_coverageSchema":"1a1c01bbd47fc00a2c39e90264f33305004495a9","hash":"2589f4a87e73300f3880ae1a71a14acc8cadf379"}
,"/Users/dukeromkey/Coding/hackreactor2022/rpp2204/rating-and-review/server/routes/reviewRoute.js": {"path":"/Users/dukeromkey/Coding/hackreactor2022/rpp2204/rating-and-review/server/routes/reviewRoute.js","statementMap":{"0":{"start":{"line":1,"column":16},"end":{"line":1,"column":34}},"1":{"start":{"line":2,"column":15},"end":{"line":2,"column":31}},"2":{"start":{"line":3,"column":25},"end":{"line":3,"column":67}},"3":{"start":{"line":6,"column":0},"end":{"line":9,"column":3}},"4":{"start":{"line":8,"column":2},"end":{"line":8,"column":40}},"5":{"start":{"line":12,"column":0},"end":{"line":14,"column":2}},"6":{"start":{"line":13,"column":2},"end":{"line":13,"column":41}},"7":{"start":{"line":17,"column":0},"end":{"line":19,"column":3}},"8":{"start":{"line":18,"column":2},"end":{"line":18,"column":40}},"9":{"start":{"line":22,"column":0},"end":{"line":24,"column":3}},"10":{"start":{"line":23,"column":2},"end":{"line":23,"column":41}},"11":{"start":{"line":27,"column":0},"end":{"line":29,"column":3}},"12":{"start":{"line":28,"column":2},"end":{"line":28,"column":42}},"13":{"start":{"line":33,"column":0},"end":{"line":33,"column":24}}},"fnMap":{"0":{"name":"(anonymous_0)","decl":{"start":{"line":6,"column":25},"end":{"line":6,"column":26}},"loc":{"start":{"line":6,"column":45},"end":{"line":9,"column":1}},"line":6},"1":{"name":"(anonymous_1)","decl":{"start":{"line":12,"column":20},"end":{"line":12,"column":21}},"loc":{"start":{"line":12,"column":34},"end":{"line":14,"column":1}},"line":12},"2":{"name":"(anonymous_2)","decl":{"start":{"line":17,"column":17},"end":{"line":17,"column":18}},"loc":{"start":{"line":17,"column":37},"end":{"line":19,"column":1}},"line":17},"3":{"name":"(anonymous_3)","decl":{"start":{"line":22,"column":35},"end":{"line":22,"column":36}},"loc":{"start":{"line":22,"column":49},"end":{"line":24,"column":1}},"line":22},"4":{"name":"(anonymous_4)","decl":{"start":{"line":27,"column":34},"end":{"line":27,"column":35}},"loc":{"start":{"line":27,"column":48},"end":{"line":29,"column":1}},"line":27}},"branchMap":{},"s":{"0":1,"1":1,"2":1,"3":1,"4":1,"5":1,"6":1,"7":1,"8":1,"9":1,"10":1,"11":1,"12":1,"13":1},"f":{"0":1,"1":1,"2":1,"3":1,"4":1},"b":{},"_coverageSchema":"1a1c01bbd47fc00a2c39e90264f33305004495a9","hash":"96ec309ea8004085692fdbca8cadb3eea6c2a5f3"}
}
