TN:
SF:server/app.js
FN:10,(anonymous_0)
FNF:1
FNH:0
FNDA:0,(anonymous_0)
DA:1,1
DA:2,1
DA:4,1
DA:6,1
DA:8,1
DA:10,1
DA:11,0
DA:14,1
LF:8
LH:7
BRF:0
BRH:0
end_of_record
TN:
SF:server/db.js
FN:14,(anonymous_0)
FNF:1
FNH:0
FNDA:0,(anonymous_0)
DA:1,1
DA:2,1
DA:4,1
DA:12,1
DA:14,1
DA:15,0
DA:16,0
DA:17,0
DA:18,0
DA:19,0
DA:21,0
DA:25,1
LF:12
LH:6
BRF:0
BRH:0
end_of_record
TN:
SF:server/controllers/reviewController.js
FN:3,(anonymous_0)
FN:12,(anonymous_1)
FN:21,(anonymous_2)
FN:30,(anonymous_3)
FN:39,(anonymous_4)
FNF:5
FNH:5
FNDA:1,(anonymous_0)
FNDA:1,(anonymous_1)
FNDA:1,(anonymous_2)
FNDA:1,(anonymous_3)
FNDA:1,(anonymous_4)
DA:1,1
DA:3,1
DA:4,1
DA:5,1
DA:6,1
DA:8,0
DA:12,1
DA:13,1
DA:14,1
DA:15,1
DA:17,0
DA:21,1
DA:22,1
DA:23,1
DA:24,1
DA:26,0
DA:30,1
DA:31,1
DA:32,1
DA:33,1
DA:35,0
DA:39,1
DA:40,1
DA:41,1
DA:42,1
DA:44,0
LF:26
LH:21
BRDA:5,0,0,1
BRDA:5,0,1,0
BRDA:14,1,0,1
BRDA:14,1,1,0
BRDA:23,2,0,1
BRDA:23,2,1,0
BRDA:32,3,0,1
BRDA:32,3,1,0
BRDA:41,4,0,1
BRDA:41,4,1,0
BRF:10
BRH:5
end_of_record
TN:
SF:server/models/reviewModel.js
FN:4,(anonymous_0)
FN:17,(anonymous_1)
FN:27,(anonymous_2)
FN:32,(anonymous_3)
FN:37,(anonymous_4)
FN:40,(anonymous_5)
FN:46,(anonymous_6)
FN:69,(anonymous_7)
FN:120,(anonymous_8)
FN:138,(anonymous_9)
FN:146,(anonymous_10)
FN:163,(anonymous_11)
FN:178,(anonymous_12)
FNF:13
FNH:11
FNDA:1,(anonymous_0)
FNDA:5,(anonymous_1)
FNDA:0,(anonymous_2)
FNDA:0,(anonymous_3)
FNDA:9,(anonymous_4)
FNDA:8,(anonymous_5)
FNDA:5,(anonymous_6)
FNDA:1,(anonymous_7)
FNDA:1,(anonymous_8)
FNDA:1,(anonymous_9)
FNDA:4,(anonymous_10)
FNDA:1,(anonymous_11)
FNDA:1,(anonymous_12)
DA:1,1
DA:2,1
DA:4,1
DA:5,1
DA:6,1
DA:7,1
DA:8,1
DA:9,1
DA:11,1
DA:12,1
DA:13,1
DA:14,1
DA:17,1
DA:18,5
DA:19,5
DA:20,4
DA:22,5
DA:26,1
DA:27,0
DA:28,0
DA:31,1
DA:32,0
DA:33,0
DA:37,1
DA:38,9
DA:40,1
DA:41,8
DA:46,1
DA:47,5
DA:48,5
DA:49,5
DA:52,1
DA:53,1
DA:54,1
DA:61,0
DA:62,0
DA:64,0
DA:69,1
DA:70,1
DA:71,1
DA:79,1
DA:81,1
DA:82,1
DA:83,1
DA:86,1
DA:87,1
DA:89,1
DA:90,0
DA:92,1
DA:93,0
DA:95,1
DA:96,0
DA:98,1
DA:99,0
DA:102,1
DA:103,0
DA:105,1
DA:106,0
DA:110,1
DA:111,1
DA:112,1
DA:114,0
DA:115,0
DA:117,0
DA:120,1
DA:121,1
DA:122,1
DA:124,1
DA:126,1
DA:129,1
DA:130,1
DA:132,1
DA:133,1
DA:136,1
DA:137,1
DA:138,1
DA:139,1
DA:140,1
DA:144,1
DA:145,1
DA:146,1
DA:147,4
DA:148,4
DA:152,1
DA:153,1
DA:155,0
DA:156,0
DA:158,0
DA:163,1
DA:164,1
DA:165,1
DA:166,1
DA:167,1
DA:168,1
DA:170,0
DA:171,0
DA:173,0
DA:178,1
DA:179,1
DA:180,1
DA:181,1
DA:182,1
DA:183,1
DA:185,0
DA:186,0
DA:188,0
LF:106
LH:81
BRDA:6,0,0,1
BRDA:6,0,1,1
BRDA:7,1,0,1
BRDA:7,1,1,1
BRDA:8,2,0,1
BRDA:8,2,1,1
BRDA:19,3,0,4
BRDA:19,3,1,1
BRDA:26,4,0,0
BRDA:26,4,1,1
BRDA:31,5,0,0
BRDA:31,5,1,1
BRDA:49,6,0,5
BRDA:49,6,1,5
BRDA:86,7,0,1
BRDA:86,7,1,0
BRDA:89,8,0,0
BRDA:89,8,1,1
BRDA:92,9,0,0
BRDA:92,9,1,1
BRDA:95,10,0,0
BRDA:95,10,1,1
BRDA:98,11,0,0
BRDA:98,11,1,1
BRDA:102,12,0,0
BRDA:102,12,1,1
BRDA:105,13,0,0
BRDA:105,13,1,1
BRF:28
BRH:19
end_of_record
TN:
SF:server/routes/reviewRoute.js
FN:6,(anonymous_0)
FN:12,(anonymous_1)
FN:17,(anonymous_2)
FN:22,(anonymous_3)
FN:27,(anonymous_4)
FNF:5
FNH:5
FNDA:1,(anonymous_0)
FNDA:1,(anonymous_1)
FNDA:1,(anonymous_2)
FNDA:1,(anonymous_3)
FNDA:1,(anonymous_4)
DA:1,1
DA:2,1
DA:3,1
DA:6,1
DA:8,1
DA:12,1
DA:13,1
DA:17,1
DA:18,1
DA:22,1
DA:23,1
DA:27,1
DA:28,1
DA:33,1
LF:14
LH:14
BRF:0
BRH:0
end_of_record
