TN:
SF:server/app.js
FNF:0
FNH:0
DA:1,1
DA:2,1
DA:4,1
DA:6,1
DA:8,1
DA:10,1
LF:6
LH:6
BRF:0
BRH:0
end_of_record
TN:
SF:server/db.js
FN:14,(anonymous_0)
FNF:1
FNH:0
FNDA:0,(anonymous_0)
DA:1,1
DA:2,1
DA:4,1
DA:12,1
DA:14,1
DA:15,0
DA:16,0
DA:17,0
DA:18,0
DA:19,0
DA:21,0
DA:25,1
LF:12
LH:6
BRF:0
BRH:0
end_of_record
TN:
SF:server/controllers/reviewController.js
FN:3,(anonymous_0)
FN:12,(anonymous_1)
FN:21,(anonymous_2)
FN:30,(anonymous_3)
FN:39,(anonymous_4)
FNF:5
FNH:5
FNDA:1,(anonymous_0)
FNDA:1,(anonymous_1)
FNDA:1,(anonymous_2)
FNDA:1,(anonymous_3)
FNDA:1,(anonymous_4)
DA:1,1
DA:3,1
DA:4,1
DA:5,1
DA:6,1
DA:8,0
DA:12,1
DA:13,1
DA:14,1
DA:15,1
DA:17,0
DA:21,1
DA:22,1
DA:23,1
DA:24,1
DA:26,0
DA:30,1
DA:31,1
DA:32,1
DA:33,1
DA:35,0
DA:39,1
DA:40,1
DA:41,1
DA:42,1
DA:44,0
LF:26
LH:21
BRDA:5,0,0,1
BRDA:5,0,1,0
BRDA:14,1,0,1
BRDA:14,1,1,0
BRDA:23,2,0,1
BRDA:23,2,1,0
BRDA:32,3,0,1
BRDA:32,3,1,0
BRDA:41,4,0,1
BRDA:41,4,1,0
BRF:10
BRH:5
end_of_record
TN:
SF:server/models/reviewModel.js
FN:5,(anonymous_0)
FN:17,(anonymous_1)
FN:22,(anonymous_2)
FN:38,(anonymous_3)
FN:43,(anonymous_4)
FN:48,(anonymous_5)
FN:51,(anonymous_6)
FN:57,(anonymous_7)
FN:80,(anonymous_8)
FN:91,(anonymous_9)
FN:109,(anonymous_10)
FN:122,(anonymous_11)
FN:145,(anonymous_12)
FN:163,(anonymous_13)
FN:171,(anonymous_14)
FN:188,(anonymous_15)
FN:203,(anonymous_16)
FNF:17
FNH:15
FNDA:1,(anonymous_0)
FNDA:5,(anonymous_1)
FNDA:5,(anonymous_2)
FNDA:0,(anonymous_3)
FNDA:0,(anonymous_4)
FNDA:9,(anonymous_5)
FNDA:8,(anonymous_6)
FNDA:5,(anonymous_7)
FNDA:1,(anonymous_8)
FNDA:5,(anonymous_9)
FNDA:5,(anonymous_10)
FNDA:5,(anonymous_11)
FNDA:1,(anonymous_12)
FNDA:1,(anonymous_13)
FNDA:4,(anonymous_14)
FNDA:1,(anonymous_15)
FNDA:1,(anonymous_16)
DA:1,1
DA:2,1
DA:5,1
DA:6,1
DA:7,1
DA:8,1
DA:9,1
DA:10,1
DA:11,1
DA:12,1
DA:13,1
DA:14,1
DA:17,1
DA:18,5
DA:22,1
DA:24,5
DA:25,5
DA:26,5
DA:27,5
DA:28,5
DA:29,5
DA:30,5
DA:31,5
DA:32,5
DA:33,5
DA:37,1
DA:38,0
DA:39,0
DA:42,1
DA:43,0
DA:44,0
DA:48,1
DA:49,9
DA:51,1
DA:52,8
DA:57,1
DA:58,5
DA:59,5
DA:60,5
DA:62,1
DA:65,1
DA:72,0
DA:73,0
DA:75,0
DA:80,1
DA:81,1
DA:82,1
DA:83,1
DA:84,1
DA:85,1
DA:86,1
DA:89,1
DA:90,1
DA:91,1
DA:92,5
DA:93,5
DA:95,1
DA:96,5
DA:98,1
DA:99,2
DA:103,1
DA:104,1
DA:105,1
DA:106,1
DA:107,1
DA:109,1
DA:110,5
DA:111,1
DA:116,4
DA:120,1
DA:121,1
DA:122,1
DA:123,5
DA:125,1
DA:126,1
DA:129,1
DA:135,1
DA:136,1
DA:137,1
DA:139,0
DA:140,0
DA:142,0
DA:145,1
DA:146,1
DA:147,1
DA:149,1
DA:151,1
DA:154,1
DA:155,1
DA:157,1
DA:158,1
DA:161,1
DA:162,1
DA:163,1
DA:164,1
DA:165,1
DA:169,1
DA:170,1
DA:171,1
DA:172,4
DA:173,4
DA:177,1
DA:178,1
DA:180,0
DA:181,0
DA:183,0
DA:188,1
DA:189,1
DA:190,1
DA:191,1
DA:192,1
DA:193,1
DA:195,0
DA:196,0
DA:198,0
DA:203,1
DA:204,1
DA:205,1
DA:206,1
DA:207,1
DA:208,1
DA:210,0
DA:211,0
DA:213,0
LF:124
LH:105
BRDA:7,0,0,1
BRDA:7,0,1,1
BRDA:8,1,0,1
BRDA:8,1,1,1
BRDA:9,2,0,1
BRDA:9,2,1,1
BRDA:37,3,0,0
BRDA:37,3,1,1
BRDA:42,4,0,0
BRDA:42,4,1,1
BRDA:60,5,0,5
BRDA:60,5,1,5
BRDA:110,6,0,1
BRDA:110,6,1,4
BRF:14
BRH:12
end_of_record
TN:
SF:server/routes/reviewRoute.js
FN:6,(anonymous_0)
FN:12,(anonymous_1)
FN:17,(anonymous_2)
FN:22,(anonymous_3)
FN:27,(anonymous_4)
FNF:5
FNH:5
FNDA:1,(anonymous_0)
FNDA:1,(anonymous_1)
FNDA:1,(anonymous_2)
FNDA:1,(anonymous_3)
FNDA:1,(anonymous_4)
DA:1,1
DA:2,1
DA:3,1
DA:6,1
DA:8,1
DA:12,1
DA:13,1
DA:17,1
DA:18,1
DA:22,1
DA:23,1
DA:27,1
DA:28,1
DA:33,1
LF:14
LH:14
BRF:0
BRH:0
end_of_record
